2026-07-15-15-28-31/android-inapp-agent/app/build/intermediates/manifest_merge_blame_file/debug/processDebugMainManifest/manifest-merger-blame-debug-report.txt
1<?xml version="1.0" encoding="utf-8"?>
2<manifest xmlns:android="http://schemas.android.com/apk/res/android"
3    package="com.fly.agent"
4    android:versionCode="1"
5    android:versionName="0.1.0" >
6
7    <uses-sdk
8        android:minSdkVersion="24"
9        android:targetSdkVersion="34" />
10
11    <!-- 前台服务：在设备上持续跑 agent 回环 -->
12    <uses-permission android:name="android.permission.FOREGROUND_SERVICE" />
12-->src\main\AndroidManifest.xml:6:5-77
12-->src\main\AndroidManifest.xml:6:22-74
13    <uses-permission android:name="android.permission.FOREGROUND_SERVICE_SPECIAL_USE" />
13-->src\main\AndroidManifest.xml:7:5-89
13-->src\main\AndroidManifest.xml:7:22-86
14    <!-- 调用 LLM 端点（本地 8081 / 远程） -->
15    <uses-permission android:name="android.permission.INTERNET" />
15-->src\main\AndroidManifest.xml:9:5-67
15-->src\main\AndroidManifest.xml:9:22-64
16    <!-- Android 13+ 显示通知 -->
17    <uses-permission android:name="android.permission.POST_NOTIFICATIONS" />
17-->src\main\AndroidManifest.xml:11:5-77
17-->src\main\AndroidManifest.xml:11:22-74
18    <!-- open_app 按 label 反查已安装应用；开发/调试工具使用，发布到 Play 需申述 -->
19    <uses-permission android:name="android.permission.QUERY_ALL_PACKAGES" />
19-->src\main\AndroidManifest.xml:13:5-15:53
19-->src\main\AndroidManifest.xml:14:9-61
20
21    <permission
21-->[androidx.core:core:1.13.1] AndroidManifest.xml:22:5-24:47
22        android:name="com.fly.agent.DYNAMIC_RECEIVER_NOT_EXPORTED_PERMISSION"
22-->[androidx.core:core:1.13.1] AndroidManifest.xml:23:9-81
23        android:protectionLevel="signature" />
23-->[androidx.core:core:1.13.1] AndroidManifest.xml:24:9-44
24
25    <uses-permission android:name="com.fly.agent.DYNAMIC_RECEIVER_NOT_EXPORTED_PERMISSION" />
25-->[androidx.core:core:1.13.1] AndroidManifest.xml:26:5-97
25-->[androidx.core:core:1.13.1] AndroidManifest.xml:26:22-94
26
27    <application
27-->src\main\AndroidManifest.xml:17:5-56:19
28        android:allowBackup="true"
28-->src\main\AndroidManifest.xml:18:9-35
29        android:appComponentFactory="androidx.core.app.CoreComponentFactory"
29-->[androidx.core:core:1.13.1] AndroidManifest.xml:28:18-86
30        android:debuggable="true"
31        android:extractNativeLibs="false"
32        android:icon="@android:drawable/ic_menu_compass"
32-->src\main\AndroidManifest.xml:19:9-57
33        android:label="@string/app_name"
33-->src\main\AndroidManifest.xml:20:9-41
34        android:supportsRtl="true"
34-->src\main\AndroidManifest.xml:21:9-35
35        android:theme="@style/Theme.Material3.DayNight" >
35-->src\main\AndroidManifest.xml:22:9-56
36        <activity
36-->src\main\AndroidManifest.xml:24:9-32:20
37            android:name="com.fly.agent.ui.MainActivity"
37-->src\main\AndroidManifest.xml:25:13-44
38            android:exported="true"
38-->src\main\AndroidManifest.xml:26:13-36
39            android:label="@string/app_name" >
39-->src\main\AndroidManifest.xml:27:13-45
40            <intent-filter>
40-->src\main\AndroidManifest.xml:28:13-31:29
41                <action android:name="android.intent.action.MAIN" />
41-->src\main\AndroidManifest.xml:29:17-69
41-->src\main\AndroidManifest.xml:29:25-66
42
43                <category android:name="android.intent.category.LAUNCHER" />
43-->src\main\AndroidManifest.xml:30:17-77
43-->src\main\AndroidManifest.xml:30:27-74
44            </intent-filter>
45        </activity>
46
47        <!-- 设备内 agent 回环前台服务 -->
48        <service
48-->src\main\AndroidManifest.xml:35:9-38:58
49            android:name="com.fly.agent.agent.AgentService"
49-->src\main\AndroidManifest.xml:36:13-47
50            android:exported="false"
50-->src\main\AndroidManifest.xml:37:13-37
51            android:foregroundServiceType="specialUse" />
51-->src\main\AndroidManifest.xml:38:13-55
52
53        <property
53-->src\main\AndroidManifest.xml:39:9-41:85
54            android:name="android.app.PROPERTY_SPECIAL_USE_FGS"
54-->src\main\AndroidManifest.xml:40:13-64
55            android:value="Running an on-device Android UI automation agent loop" />
55-->src\main\AndroidManifest.xml:41:13-82
56
57        <!-- 核心：无障碍服务，提供结构化感知 + 跨 App 手势/节点动作 -->
58        <service
58-->src\main\AndroidManifest.xml:44:9-54:19
59            android:name="com.fly.agent.AgentAccessibilityService"
59-->src\main\AndroidManifest.xml:45:13-54
60            android:exported="false"
60-->src\main\AndroidManifest.xml:46:13-37
61            android:permission="android.permission.BIND_ACCESSIBILITY_SERVICE" >
61-->src\main\AndroidManifest.xml:47:13-79
62            <intent-filter>
62-->src\main\AndroidManifest.xml:48:13-50:29
63                <action android:name="android.accessibilityservice.AccessibilityService" />
63-->src\main\AndroidManifest.xml:49:17-92
63-->src\main\AndroidManifest.xml:49:25-89
64            </intent-filter>
65
66            <meta-data
66-->src\main\AndroidManifest.xml:51:13-53:78
67                android:name="android.accessibilityservice"
67-->src\main\AndroidManifest.xml:52:17-60
68                android:resource="@xml/agent_accessibility_service_config" />
68-->src\main\AndroidManifest.xml:53:17-75
69        </service>
70
71        <provider
71-->[androidx.emoji2:emoji2:1.3.0] AndroidManifest.xml:24:9-32:20
72            android:name="androidx.startup.InitializationProvider"
72-->[androidx.emoji2:emoji2:1.3.0] AndroidManifest.xml:25:13-67
73            android:authorities="com.fly.agent.androidx-startup"
73-->[androidx.emoji2:emoji2:1.3.0] AndroidManifest.xml:26:13-68
74            android:exported="false" >
74-->[androidx.emoji2:emoji2:1.3.0] AndroidManifest.xml:27:13-37
75            <meta-data
75-->[androidx.emoji2:emoji2:1.3.0] AndroidManifest.xml:29:13-31:52
76                android:name="androidx.emoji2.text.EmojiCompatInitializer"
76-->[androidx.emoji2:emoji2:1.3.0] AndroidManifest.xml:30:17-75
77                android:value="androidx.startup" />
77-->[androidx.emoji2:emoji2:1.3.0] AndroidManifest.xml:31:17-49
78            <meta-data
78-->[androidx.lifecycle:lifecycle-process:2.8.4] AndroidManifest.xml:29:13-31:52
79                android:name="androidx.lifecycle.ProcessLifecycleInitializer"
79-->[androidx.lifecycle:lifecycle-process:2.8.4] AndroidManifest.xml:30:17-78
80                android:value="androidx.startup" />
80-->[androidx.lifecycle:lifecycle-process:2.8.4] AndroidManifest.xml:31:17-49
81            <meta-data
81-->[androidx.profileinstaller:profileinstaller:1.3.1] AndroidManifest.xml:29:13-31:52
82                android:name="androidx.profileinstaller.ProfileInstallerInitializer"
82-->[androidx.profileinstaller:profileinstaller:1.3.1] AndroidManifest.xml:30:17-85
83                android:value="androidx.startup" />
83-->[androidx.profileinstaller:profileinstaller:1.3.1] AndroidManifest.xml:31:17-49
84        </provider>
85
86        <receiver
86-->[androidx.profileinstaller:profileinstaller:1.3.1] AndroidManifest.xml:34:9-52:20
87            android:name="androidx.profileinstaller.ProfileInstallReceiver"
87-->[androidx.profileinstaller:profileinstaller:1.3.1] AndroidManifest.xml:35:13-76
88            android:directBootAware="false"
88-->[androidx.profileinstaller:profileinstaller:1.3.1] AndroidManifest.xml:36:13-44
89            android:enabled="true"
89-->[androidx.profileinstaller:profileinstaller:1.3.1] AndroidManifest.xml:37:13-35
90            android:exported="true"
90-->[androidx.profileinstaller:profileinstaller:1.3.1] AndroidManifest.xml:38:13-36
91            android:permission="android.permission.DUMP" >
91-->[androidx.profileinstaller:profileinstaller:1.3.1] AndroidManifest.xml:39:13-57
92            <intent-filter>
92-->[androidx.profileinstaller:profileinstaller:1.3.1] AndroidManifest.xml:40:13-42:29
93                <action android:name="androidx.profileinstaller.action.INSTALL_PROFILE" />
93-->[androidx.profileinstaller:profileinstaller:1.3.1] AndroidManifest.xml:41:17-91
93-->[androidx.profileinstaller:profileinstaller:1.3.1] AndroidManifest.xml:41:25-88
94            </intent-filter>
95            <intent-filter>
95-->[androidx.profileinstaller:profileinstaller:1.3.1] AndroidManifest.xml:43:13-45:29
96                <action android:name="androidx.profileinstaller.action.SKIP_FILE" />
96-->[androidx.profileinstaller:profileinstaller:1.3.1] AndroidManifest.xml:44:17-85
96-->[androidx.profileinstaller:profileinstaller:1.3.1] AndroidManifest.xml:44:25-82
97            </intent-filter>
98            <intent-filter>
98-->[androidx.profileinstaller:profileinstaller:1.3.1] AndroidManifest.xml:46:13-48:29
99                <action android:name="androidx.profileinstaller.action.SAVE_PROFILE" />
99-->[androidx.profileinstaller:profileinstaller:1.3.1] AndroidManifest.xml:47:17-88
99-->[androidx.profileinstaller:profileinstaller:1.3.1] AndroidManifest.xml:47:25-85
100            </intent-filter>
101            <intent-filter>
101-->[androidx.profileinstaller:profileinstaller:1.3.1] AndroidManifest.xml:49:13-51:29
102                <action android:name="androidx.profileinstaller.action.BENCHMARK_OPERATION" />
102-->[androidx.profileinstaller:profileinstaller:1.3.1] AndroidManifest.xml:50:17-95
102-->[androidx.profileinstaller:profileinstaller:1.3.1] AndroidManifest.xml:50:25-92
103            </intent-filter>
104        </receiver>
105    </application>
106
107</manifest>